<?xml version="1.0" encoding="UTF-8"?>
<testsuite xmlns:xsi="http://www.w3.org/2001/XMLSchema-instance" xsi:noNamespaceSchemaLocation="https://maven.apache.org/surefire/maven-surefire-plugin/xsd/surefire-test-report-3.0.xsd" version="3.0" name="runners.TestRunner" time="5.769" tests="1" errors="0" skipped="0" failures="1">
  <properties>
[...]
</properties>
  <testcase name="feature" classname="runners.TestRunner" time="5.069">
    <failure message="org.openqa.selenium.ElementClickInterceptedException: element click intercepted: Element &lt;input id=&quot;tool-2&quot; name=&quot;tool&quot; style=&quot;font-size: 14px; margin: 0px; padding: 0px; vertical-align: baseline;&quot; type=&quot;checkbox&quot; value=&quot;Selenium Webdriver&quot;&gt; is not clickable at point (357, 797). Other element would receive the click: &lt;span class=&quot;cookie-choices-text&quot;&gt;...&lt;/span&gt;&#10;  (Session info: chrome=75.0.3770.142)&#10;Build info: version: &apos;3.141.59&apos;, revision: &apos;e82be7d358&apos;, time: &apos;2018-11-14T08:17:03&apos;&#10;System info: host: &apos;DESKTOP-AG89RSG&apos;, ip: &apos;192.168.56.1&apos;, os.name: &apos;Windows 10&apos;, os.arch: &apos;amd64&apos;, os.version: &apos;10.0&apos;, java.version: &apos;1.8.0_191&apos;&#10;Driver info: org.openqa.selenium.chrome.ChromeDriver&#10;Capabilities {acceptInsecureCerts: false, browserName: chrome, browserVersion: 75.0.3770.142, chrome: {chromedriverVersion: 75.0.3770.8 (681f24ea911fe7..., userDataDir: C:\Users\BIDEMI~1\AppData\L...}, goog:chromeOptions: {debuggerAddress: localhost:60624}, javascriptEnabled: true, networkConnectionEnabled: false, pageLoadStrategy: normal, platform: XP, platformName: XP, proxy: Proxy(), setWindowRect: true, strictFileInteractability: false, timeouts: {implicit: 0, pageLoad: 300000, script: 30000}, unhandledPromptBehavior: dismiss and notify}&#10;Session ID: e10ea80ee553ec349c5b884cf7bc9a60" type="cucumber.runtime.CucumberException"><![CDATA[cucumber.runtime.CucumberException: 
org.openqa.selenium.ElementClickInterceptedException: element click intercepted: Element <input id="tool-2" name="tool" style="font-size: 14px; margin: 0px; padding: 0px; vertical-align: baseline;" type="checkbox" value="Selenium Webdriver"> is not clickable at point (357, 797). Other element would receive the click: <span class="cookie-choices-text">...</span>
  (Session info: chrome=75.0.3770.142)
Build info: version: '3.141.59', revision: 'e82be7d358', time: '2018-11-14T08:17:03'
System info: host: 'DESKTOP-AG89RSG', ip: '192.168.56.1', os.name: 'Windows 10', os.arch: 'amd64', os.version: '10.0', java.version: '1.8.0_191'
Driver info: org.openqa.selenium.chrome.ChromeDriver
Capabilities {acceptInsecureCerts: false, browserName: chrome, browserVersion: 75.0.3770.142, chrome: {chromedriverVersion: 75.0.3770.8 (681f24ea911fe7..., userDataDir: C:\Users\BIDEMI~1\AppData\L...}, goog:chromeOptions: {debuggerAddress: localhost:60624}, javascriptEnabled: true, networkConnectionEnabled: false, pageLoadStrategy: normal, platform: XP, platformName: XP, proxy: Proxy(), setWindowRect: true, strictFileInteractability: false, timeouts: {implicit: 0, pageLoad: 300000, script: 30000}, unhandledPromptBehavior: dismiss and notify}
Session ID: e10ea80ee553ec349c5b884cf7bc9a60
	at runners.TestRunner.feature(TestRunner.java:30)
Caused by: org.openqa.selenium.ElementClickInterceptedException: 
element click intercepted: Element <input id="tool-2" name="tool" style="font-size: 14px; margin: 0px; padding: 0px; vertical-align: baseline;" type="checkbox" value="Selenium Webdriver"> is not clickable at point (357, 797). Other element would receive the click: <span class="cookie-choices-text">...</span>
  (Session info: chrome=75.0.3770.142)
Build info: version: '3.141.59', revision: 'e82be7d358', time: '2018-11-14T08:17:03'
System info: host: 'DESKTOP-AG89RSG', ip: '192.168.56.1', os.name: 'Windows 10', os.arch: 'amd64', os.version: '10.0', java.version: '1.8.0_191'
Driver info: org.openqa.selenium.chrome.ChromeDriver
Capabilities {acceptInsecureCerts: false, browserName: chrome, browserVersion: 75.0.3770.142, chrome: {chromedriverVersion: 75.0.3770.8 (681f24ea911fe7..., userDataDir: C:\Users\BIDEMI~1\AppData\L...}, goog:chromeOptions: {debuggerAddress: localhost:60624}, javascriptEnabled: true, networkConnectionEnabled: false, pageLoadStrategy: normal, platform: XP, platformName: XP, proxy: Proxy(), setWindowRect: true, strictFileInteractability: false, timeouts: {implicit: 0, pageLoad: 300000, script: 30000}, unhandledPromptBehavior: dismiss and notify}
Session ID: e10ea80ee553ec349c5b884cf7bc9a60
]]></failure>
    <system-out><![CDATA[@GoogleSearch @test
Feature: Google Search
  As a web user
  I want to be able to register
  So that I can access the job site

  Scenario: Web account registration                                          &amp#27;[90m# AutomationDemoTraining.feature:7&amp#27;[0m
    &amp#27;[32mGiven &amp#27;[0m&amp#27;[32mi'm on registration page&amp#27;[0m                                            &amp#27;[90m# AutomationDemoTrainingSteps.i_m_on_registration_page()&amp#27;[0m
    &amp#27;[32mWhen &amp#27;[0m&amp#27;[32mi enter my "&amp#27;[0m&amp#27;[32m&amp#27;[1mFirst name&amp#27;[0m&amp#27;[32m" in the text boxes&amp#27;[0m                            &amp#27;[90m# AutomationDemoTrainingSteps.i_enter_my_in_the_text_boxes(String)&amp#27;[0m
    &amp#27;[32mAnd &amp#27;[0m&amp#27;[32mi enter my "&amp#27;[0m&amp#27;[32m&amp#27;[1mLast name&amp#27;[0m&amp#27;[32m" in the text boxes&amp#27;[0m                              &amp#27;[90m# AutomationDemoTrainingSteps.i_enter_my_in_the_text_boxes(String)&amp#27;[0m
    &amp#27;[32mAnd &amp#27;[0m&amp#27;[32mi click on "&amp#27;[0m&amp#27;[32m&amp#27;[1mcheck boxes&amp#27;[0m&amp#27;[32m" to confirm my sex my gender&amp#27;[0m                  &amp#27;[90m# AutomationDemoTrainingSteps.i_click_on_to_confirm_my_sex_my_gender(String)&amp#27;[0m
    &amp#27;[32mAnd &amp#27;[0m&amp#27;[32mi click on "&amp#27;[0m&amp#27;[32m&amp#27;[1mradio button&amp#27;[0m&amp#27;[32m" to confirm my Years of Experience&amp#27;[0m           &amp#27;[90m# AutomationDemoTrainingSteps.i_click_on_to_confirm_my_Years_of_Experience(String)&amp#27;[0m
    &amp#27;[32mAnd &amp#27;[0m&amp#27;[32mi enter "&amp#27;[0m&amp#27;[32m&amp#27;[1mDate&amp#27;[0m&amp#27;[32m" on date picker&amp#27;[0m                                         &amp#27;[90m# AutomationDemoTrainingSteps.i_enter_on_date_picker(String)&amp#27;[0m
    &amp#27;[32mAnd &amp#27;[0m&amp#27;[32mi click on "&amp#27;[0m&amp#27;[32m&amp#27;[1mcheck boxes&amp#27;[0m&amp#27;[32m" to confirm my Profession&amp#27;[0m                     &amp#27;[90m# AutomationDemoTrainingSteps.i_click_on_to_confirm_my_Profession(String)&amp#27;[0m
    &amp#27;[31mAnd &amp#27;[0m&amp#27;[31mi click to confirm Checkbox to confirm "&amp#27;[0m&amp#27;[31m&amp#27;[1mSelenium Webdriver&amp#27;[0m&amp#27;[31m" i've used&amp#27;[0m &amp#27;[90m# AutomationDemoTrainingSteps.i_click_to_confirm_Checkbox_to_confirm_i_ve_used(String)&amp#27;[0m
      &amp#27;[31morg.openqa.selenium.ElementClickInterceptedException: element click intercepted: Element <input id="tool-2" name="tool" style="font-size: 14px; margin: 0px; padding: 0px; vertical-align: baseline;" type="checkbox" value="Selenium Webdriver"> is not clickable at point (357, 797). Other element would receive the click: <span class="cookie-choices-text">...</span>
        (Session info: chrome=75.0.3770.142)
      Build info: version: '3.141.59', revision: 'e82be7d358', time: '2018-11-14T08:17:03'
      System info: host: 'DESKTOP-AG89RSG', ip: '192.168.56.1', os.name: 'Windows 10', os.arch: 'amd64', os.version: '10.0', java.version: '1.8.0_191'
      Driver info: org.openqa.selenium.chrome.ChromeDriver
      Capabilities {acceptInsecureCerts: false, browserName: chrome, browserVersion: 75.0.3770.142, chrome: {chromedriverVersion: 75.0.3770.8 (681f24ea911fe7..., userDataDir: C:\Users\BIDEMI~1\AppData\L...}, goog:chromeOptions: {debuggerAddress: localhost:60624}, javascriptEnabled: true, networkConnectionEnabled: false, pageLoadStrategy: normal, platform: XP, platformName: XP, proxy: Proxy(), setWindowRect: true, strictFileInteractability: false, timeouts: {implicit: 0, pageLoad: 300000, script: 30000}, unhandledPromptBehavior: dismiss and notify}
      Session ID: e10ea80ee553ec349c5b884cf7bc9a60
      	at sun.reflect.NativeConstructorAccessorImpl.newInstance0(Native Method)
      	at sun.reflect.NativeConstructorAccessorImpl.newInstance(NativeConstructorAccessorImpl.java:62)
      	at sun.reflect.DelegatingConstructorAccessorImpl.newInstance(DelegatingConstructorAccessorImpl.java:45)
      	at java.lang.reflect.Constructor.newInstance(Constructor.java:423)
      	at org.openqa.selenium.remote.http.W3CHttpResponseCodec.createException(W3CHttpResponseCodec.java:187)
      	at org.openqa.selenium.remote.http.W3CHttpResponseCodec.decode(W3CHttpResponseCodec.java:122)
      	at org.openqa.selenium.remote.http.W3CHttpResponseCodec.decode(W3CHttpResponseCodec.java:49)
      	at org.openqa.selenium.remote.HttpCommandExecutor.execute(HttpCommandExecutor.java:158)
      	at org.openqa.selenium.remote.service.DriverCommandExecutor.execute(DriverCommandExecutor.java:83)
      	at org.openqa.selenium.remote.RemoteWebDriver.execute(RemoteWebDriver.java:552)
      	at org.openqa.selenium.remote.RemoteWebElement.execute(RemoteWebElement.java:285)
      	at org.openqa.selenium.remote.RemoteWebElement.click(RemoteWebElement.java:84)
      	at stepdefinition.AutomationDemoTrainingSteps.i_click_to_confirm_Checkbox_to_confirm_i_ve_used(AutomationDemoTrainingSteps.java:68)
      	at ?.And i click to confirm Checkbox to confirm "Selenium Webdriver" i've used(AutomationDemoTraining.feature:15)
      &amp#27;[0m
    &amp#27;[36mAnd &amp#27;[0m&amp#27;[36mi click on "&amp#27;[0m&amp#27;[36m&amp#27;[1mcontinents&amp#27;[0m&amp#27;[36m" on multi select box to choose where i'm from&amp#27;[0m  &amp#27;[90m# AutomationDemoTrainingSteps.i_click_on_on_multi_select_box_to_choose_where_i_m_from(String)&amp#27;[0m
    &amp#27;[36mAnd &amp#27;[0m&amp#27;[36mi clicked on "&amp#27;[0m&amp#27;[36m&amp#27;[1mcommands&amp#27;[0m&amp#27;[36m" i use in selenium&amp#27;[0m                             &amp#27;[90m# AutomationDemoTrainingSteps.i_clicked_on_i_use_in_selenium(String)&amp#27;[0m
    &amp#27;[36mAnd &amp#27;[0m&amp#27;[36mi click on "&amp#27;[0m&amp#27;[36m&amp#27;[1mchoose file&amp#27;[0m&amp#27;[36m" to upload image&amp#27;[0m                              &amp#27;[90m# AutomationDemoTrainingSteps.i_click_on_to_upload_image(String)&amp#27;[0m
    &amp#27;[33mAnd &amp#27;[0m&amp#27;[33mi click to "Download link" to upload my file&amp#27;[0m
    &amp#27;[36mThen &amp#27;[0m&amp#27;[36mi click on submit button&amp#27;[0m                                             &amp#27;[90m# AutomationDemoTrainingSteps.i_click_on_submit_button()&amp#27;[0m
]]></system-out>
    <system-err><![CDATA[Starting ChromeDriver 75.0.3770.8 (681f24ea911fe754973dda2fdc6d2a2e159dd300-refs/branch-heads/3770@{#40}) on port 7304
Only local connections are allowed.
Please protect ports used by ChromeDriver and related test frameworks to prevent access by malicious code.
Jul 19, 2019 10:21:48 AM org.openqa.selenium.remote.ProtocolHandshake createSession
INFO: Detected dialect: W3C
]]></system-err>
  </testcase>
</testsuite>